[2025-04-17 22:00:57,621] INFO [QuorumController id=1] In the last 60000 ms period, 324 controller events were completed, which took an average of 9.51 ms each. The slowest event was writeNoOpRecord(844869863), which took 28.07 ms. (org.apache.kafka.controller.EventPerformanceMonitor)
[2025-04-17 22:01:57,622] INFO [QuorumController id=1] In the last 60000 ms period, 324 controller events were completed, which took an average of 9.51 ms each. The slowest event was writeNoOpRecord(719432848), which took 27.16 ms. (org.apache.kafka.controller.EventPerformanceMonitor)
[2025-04-17 22:02:57,622] INFO [QuorumController id=1] In the last 60000 ms period, 325 controller events were completed, which took an average of 9.48 ms each. The slowest event was writeNoOpRecord(1459926757), which took 27.02 ms. (org.apache.kafka.controller.EventPerformanceMonitor)
[2025-04-17 22:03:57,623] INFO [QuorumController id=1] In the last 60000 ms period, 324 controller events were completed, which took an average of 9.51 ms each. The slowest event was writeNoOpRecord(417135612), which took 28.44 ms. (org.apache.kafka.controller.EventPerformanceMonitor)
[2025-04-17 22:04:57,473] INFO [QuorumController id=1] Periodic task electPreferred generated 0 records in 65 microseconds. (org.apache.kafka.controller.PeriodicTaskControlManager)
[2025-04-17 22:04:57,473] INFO [QuorumController id=1] Periodic task electUnclean generated 0 records in 21 microseconds. (org.apache.kafka.controller.PeriodicTaskControlManager)
[2025-04-17 22:04:57,623] INFO [QuorumController id=1] In the last 60000 ms period, 326 controller events were completed, which took an average of 9.46 ms each. The slowest event was writeNoOpRecord(485699428), which took 26.65 ms. (org.apache.kafka.controller.EventPerformanceMonitor)
[2025-04-17 22:05:57,623] INFO [QuorumController id=1] In the last 60000 ms period, 325 controller events were completed, which took an average of 9.46 ms each. The slowest event was writeNoOpRecord(591956020), which took 25.92 ms. (org.apache.kafka.controller.EventPerformanceMonitor)
[2025-04-17 22:06:57,624] INFO [QuorumController id=1] In the last 60000 ms period, 324 controller events were completed, which took an average of 9.48 ms each. The slowest event was writeNoOpRecord(300512819), which took 26.27 ms. (org.apache.kafka.controller.EventPerformanceMonitor)
[2025-04-17 22:07:57,624] INFO [QuorumController id=1] In the last 60000 ms period, 324 controller events were completed, which took an average of 9.52 ms each. The slowest event was writeNoOpRecord(1353060569), which took 26.50 ms. (org.apache.kafka.controller.EventPerformanceMonitor)
[2025-04-17 22:08:57,624] INFO [QuorumController id=1] In the last 60000 ms period, 325 controller events were completed, which took an average of 9.47 ms each. The slowest event was writeNoOpRecord(1075677164), which took 26.24 ms. (org.apache.kafka.controller.EventPerformanceMonitor)
[2025-04-17 22:09:57,473] INFO [QuorumController id=1] Periodic task electPreferred generated 0 records in 37 microseconds. (org.apache.kafka.controller.PeriodicTaskControlManager)
[2025-04-17 22:09:57,474] INFO [QuorumController id=1] Periodic task electUnclean generated 0 records in 20 microseconds. (org.apache.kafka.controller.PeriodicTaskControlManager)
[2025-04-17 22:09:57,625] INFO [QuorumController id=1] In the last 60000 ms period, 326 controller events were completed, which took an average of 9.50 ms each. The slowest event was writeNoOpRecord(468709558), which took 26.24 ms. (org.apache.kafka.controller.EventPerformanceMonitor)
[2025-04-17 22:10:57,625] INFO [QuorumController id=1] In the last 60000 ms period, 324 controller events were completed, which took an average of 9.87 ms each. The slowest event was writeNoOpRecord(1675970081), which took 26.34 ms. (org.apache.kafka.controller.EventPerformanceMonitor)
[2025-04-17 22:11:57,625] INFO [QuorumController id=1] In the last 60000 ms period, 325 controller events were completed, which took an average of 10.31 ms each. The slowest event was writeNoOpRecord(105577979), which took 26.08 ms. (org.apache.kafka.controller.EventPerformanceMonitor)
[2025-04-17 22:12:57,626] INFO [QuorumController id=1] In the last 60000 ms period, 324 controller events were completed, which took an average of 9.73 ms each. The slowest event was writeNoOpRecord(350501745), which took 26.18 ms. (org.apache.kafka.controller.EventPerformanceMonitor)
[2025-04-17 22:13:57,626] INFO [QuorumController id=1] In the last 60000 ms period, 324 controller events were completed, which took an average of 9.52 ms each. The slowest event was writeNoOpRecord(783911278), which took 26.40 ms. (org.apache.kafka.controller.EventPerformanceMonitor)
[2025-04-17 22:14:57,474] INFO [QuorumController id=1] Periodic task electPreferred generated 0 records in 39 microseconds. (org.apache.kafka.controller.PeriodicTaskControlManager)
[2025-04-17 22:14:57,474] INFO [QuorumController id=1] Periodic task electUnclean generated 0 records in 23 microseconds. (org.apache.kafka.controller.PeriodicTaskControlManager)
[2025-04-17 22:14:57,626] INFO [QuorumController id=1] In the last 60000 ms period, 327 controller events were completed, which took an average of 9.42 ms each. The slowest event was writeNoOpRecord(1128126410), which took 26.00 ms. (org.apache.kafka.controller.EventPerformanceMonitor)
[2025-04-17 22:15:57,627] INFO [QuorumController id=1] In the last 60000 ms period, 324 controller events were completed, which took an average of 9.51 ms each. The slowest event was writeNoOpRecord(1910266888), which took 26.47 ms. (org.apache.kafka.controller.EventPerformanceMonitor)
[2025-04-17 22:16:57,627] INFO [QuorumController id=1] In the last 60000 ms period, 324 controller events were completed, which took an average of 9.50 ms each. The slowest event was writeNoOpRecord(1446560883), which took 26.16 ms. (org.apache.kafka.controller.EventPerformanceMonitor)
[2025-04-17 22:17:57,627] INFO [QuorumController id=1] In the last 60000 ms period, 325 controller events were completed, which took an average of 9.48 ms each. The slowest event was writeNoOpRecord(191934707), which took 26.23 ms. (org.apache.kafka.controller.EventPerformanceMonitor)
[2025-04-17 22:18:57,628] INFO [QuorumController id=1] In the last 60000 ms period, 324 controller events were completed, which took an average of 9.60 ms each. The slowest event was writeNoOpRecord(645294822), which took 26.29 ms. (org.apache.kafka.controller.EventPerformanceMonitor)
[2025-04-17 22:19:36,808] INFO [QuorumController id=1] Unfenced broker 1 has requested and been granted a controlled shutdown. (org.apache.kafka.controller.BrokerHeartbeatManager)
[2025-04-17 22:19:36,835] INFO [QuorumController id=1] enterControlledShutdown[1]: changing 51 partition(s) (org.apache.kafka.controller.ReplicationControlManager)
[2025-04-17 22:19:36,836] INFO [QuorumController id=1] Replayed BrokerRegistrationChangeRecord modifying the registration for broker 1: BrokerRegistrationChangeRecord(brokerId=1, brokerEpoch=9, fenced=0, inControlledShutdown=1, logDirs=[]) (org.apache.kafka.controller.ClusterControlManager)
[2025-04-17 22:19:36,913] INFO [QuorumController id=1] The request from broker 1 to shut down has been granted since the lowest active offset 9223372036854775807 is now greater than the broker's controlled shutdown offset 46263. (org.apache.kafka.controller.BrokerHeartbeatManager)
[2025-04-17 22:19:36,919] INFO [QuorumController id=1] Replayed BrokerRegistrationChangeRecord modifying the registration for broker 1: BrokerRegistrationChangeRecord(brokerId=1, brokerEpoch=9, fenced=1, inControlledShutdown=0, logDirs=[]) (org.apache.kafka.controller.ClusterControlManager)
[2025-04-17 22:19:37,566] INFO [QuorumController id=1] writeNoOpRecord: event unable to start processing because of RejectedExecutionException (treated as TimeoutException). Exception message: The event queue is shutting down (org.apache.kafka.controller.QuorumController)
[2025-04-17 22:19:37,567] INFO [QuorumController id=1] maybeFenceStaleBroker: event unable to start processing because of RejectedExecutionException (treated as TimeoutException). Exception message: The event queue is shutting down (org.apache.kafka.controller.QuorumController)
[2025-04-17 22:19:37,567] INFO [QuorumController id=1] electPreferred: event unable to start processing because of RejectedExecutionException (treated as TimeoutException). Exception message: The event queue is shutting down (org.apache.kafka.controller.QuorumController)
[2025-04-17 22:19:37,567] INFO [QuorumController id=1] electUnclean: event unable to start processing because of RejectedExecutionException (treated as TimeoutException). Exception message: The event queue is shutting down (org.apache.kafka.controller.QuorumController)
[2025-04-17 22:19:37,567] INFO [QuorumController id=1] generatePeriodicPerformanceMessage: event unable to start processing because of RejectedExecutionException (treated as TimeoutException). Exception message: The event queue is shutting down (org.apache.kafka.controller.QuorumController)
[2025-04-17 22:19:37,567] INFO [QuorumController id=1] expireDelegationTokens: event unable to start processing because of RejectedExecutionException (treated as TimeoutException). Exception message: The event queue is shutting down (org.apache.kafka.controller.QuorumController)
