
> frontend@0.1.0 start
> react-scripts start

(node:892452) [DEP_WEBPACK_DEV_SERVER_ON_AFTER_SETUP_MIDDLEWARE] DeprecationWarning: 'onAfterSetupMiddleware' option is deprecated. Please use the 'setupMiddlewares' option.
(Use `node --trace-deprecation ...` to show where the warning was created)
(node:892452) [DEP_WEBPACK_DEV_SERVER_ON_BEFORE_SETUP_MIDDLEWARE] DeprecationWarning: 'onBeforeSetupMiddleware' option is deprecated. Please use the 'setupMiddlewares' option.
Starting the development server...

Compiled with warnings.

[eslint] 
src/components/map.jsx
  Line 24:8:    'ship' is defined but never used                                                                               no-unused-vars
  Line 137:5:   Nested block is redundant                                                                                      no-lone-blocks
  Line 193:8:   React Hook useEffect has a missing dependency: 'fakeVessel'. Either include it or remove the dependency array  react-hooks/exhaustive-deps
  Line 239:14:  'error' is assigned a value but never used                                                                     no-unused-vars

src/components/return.jsx
  Line 1:17:  'useState' is defined but never used  no-unused-vars

src/components/tabContainer.jsx
  Line 28:8:  React Hook useEffect has missing dependencies: 'activeTab' and 'currentTab'. Either include them or remove the dependency array  react-hooks/exhaustive-deps

src/pages/editProfilePage.jsx
  Line 33:8:  React Hook useEffect has a missing dependency: 'countryOptions'. Either include it or remove the dependency array  react-hooks/exhaustive-deps

src/pages/faq.jsx
  Line 4:8:  'Return' is defined but never used  no-unused-vars

Search for the keywords to learn more about each warning.
To ignore, add // eslint-disable-next-line to the line before.

WARNING in [eslint] 
src/components/map.jsx
  Line 24:8:    'ship' is defined but never used                                                                               no-unused-vars
  Line 137:5:   Nested block is redundant                                                                                      no-lone-blocks
  Line 193:8:   React Hook useEffect has a missing dependency: 'fakeVessel'. Either include it or remove the dependency array  react-hooks/exhaustive-deps
  Line 239:14:  'error' is assigned a value but never used                                                                     no-unused-vars

src/components/return.jsx
  Line 1:17:  'useState' is defined but never used  no-unused-vars

src/components/tabContainer.jsx
  Line 28:8:  React Hook useEffect has missing dependencies: 'activeTab' and 'currentTab'. Either include them or remove the dependency array  react-hooks/exhaustive-deps

src/pages/editProfilePage.jsx
  Line 33:8:  React Hook useEffect has a missing dependency: 'countryOptions'. Either include it or remove the dependency array  react-hooks/exhaustive-deps

src/pages/faq.jsx
  Line 4:8:  'Return' is defined but never used  no-unused-vars

webpack compiled with 1 warning
